[generate-mvp-demo] starting at 2026-05-06T21:24:15+00:00
[generate-mvp-demo] project: /home/eve/projects/nightly-mvps/2026-05-06-sprite-forge
[generate-mvp-demo] extra args: --regen-scenes
Traceback (most recent call last):
  File "<frozen runpy>", line 198, in _run_module_as_main
  File "<frozen runpy>", line 88, in _run_code
  File "/opt/apps/video-forge/video_forge/demo/orchestrator.py", line 326, in <module>
    _cli()
    ~~~~^^
  File "/opt/apps/video-forge/video_forge/demo/orchestrator.py", line 308, in _cli
    out = run(args.project, options)
  File "/opt/apps/video-forge/video_forge/demo/orchestrator.py", line 60, in run
    raise RuntimeError(f"no live_url in metadata.json or options for {project_dir.name}")
RuntimeError: no live_url in metadata.json or options for 2026-05-06-sprite-forge
Error in sys.excepthook:
Traceback (most recent call last):
  File "/usr/lib/python3/dist-packages/apport_python_hook.py", line 238, in partial_apport_excepthook
    return apport_excepthook(binary, exc_type, exc_obj, exc_tb)
  File "/usr/lib/python3/dist-packages/apport_python_hook.py", line 122, in apport_excepthook
    report["ExecutableTimestamp"] = str(int(os.stat(binary).st_mtime))
                                            ~~~~~~~^^^^^^^^
FileNotFoundError: [Errno 2] No such file or directory: '/opt/apps/video-forge/-m'

Original exception was:
Traceback (most recent call last):
  File "<frozen runpy>", line 198, in _run_module_as_main
  File "<frozen runpy>", line 88, in _run_code
  File "/opt/apps/video-forge/video_forge/demo/orchestrator.py", line 326, in <module>
    _cli()
    ~~~~^^
  File "/opt/apps/video-forge/video_forge/demo/orchestrator.py", line 308, in _cli
    out = run(args.project, options)
  File "/opt/apps/video-forge/video_forge/demo/orchestrator.py", line 60, in run
    raise RuntimeError(f"no live_url in metadata.json or options for {project_dir.name}")
RuntimeError: no live_url in metadata.json or options for 2026-05-06-sprite-forge
[generate-mvp-demo] orchestrator exit: 1 at 2026-05-06T21:24:16+00:00
